12004
12013
12022
12031
12040
12104
12113
12122
12131
12140
12204
12213
12222
12231
12240
12304
12313
12322
12331
12340
12404
12413
12422
12431
12440
12504
12513
12522
12531
12540
12604
12613
12622
12631
12640
12704
12713
12722
12731
12740
12804
12813
12822
12831
12840
12904
12913
12922
12931
12940
21004
21013
21022
21031
21040
21104
21113
21122
21131
21140
21204
21213
21222
21231
21240
21304
21313
21322
21331
21340
21404
21413
21422
21431
21440
21504
21513
21522
21531
21540
21604
21613
21622
21631
21640
21704
21713
21722
21731
21740
21804
21813
21822
21831
21840
21904
21913
21922
21931
21940
30004
30013
30022
30031
30040
30104
30113
30122
30131
30140
30204
30213
30222
30231
30240
30304
30313
30322
30331
30340
30404
30413
30422
30431
30440
30504
30513
30522
30531
30540
30604
30613
30622
30631
30640
30704
30713
30722
30731
30740
30804
30813
30822
30831
30840
30904
30913
30922
30931
30940
